<?xml version="1.0" encoding="UTF-8"?>
<testsuite hostname="DESKTOP-3OT4R57" name="Academy.validateTitle" tests="1" failures="1" timestamp="4 Mar 2019 01:16:46 GMT" time="13.793" errors="0">
  <testcase name="title" time="0.049" classname="Academy.validateTitle">
    <failure type="java.lang.AssertionError" message="expected:&amp;lt;FEATURED COUSES&amp;gt; but was:&amp;lt;FEATURED COURSES&amp;gt;">
      <![CDATA[java.lang.AssertionError: expected:<FEATURED COUSES> but was:<FEATURED COURSES>
	at Academy.validateTitle.title(validateTitle.java:32)
	at org.apache.maven.surefire.testng.TestNGExecutor.run(TestNGExecutor.java:283)
	at org.apache.maven.surefire.testng.TestNGXmlTestSuite.execute(TestNGXmlTestSuite.java:75)
	at org.apache.maven.surefire.testng.TestNGProvider.invoke(TestNGProvider.java:120)
	at org.apache.maven.surefire.booter.ForkedBooter.invokeProviderInSameClassLoader(ForkedBooter.java:384)
	at org.apache.maven.surefire.booter.ForkedBooter.runSuitesInProcess(ForkedBooter.java:345)
	at org.apache.maven.surefire.booter.ForkedBooter.execute(ForkedBooter.java:126)
	at org.apache.maven.surefire.booter.ForkedBooter.main(ForkedBooter.java:418)
... Removed 27 stack frames]]>
    </failure>
  </testcase>
</testsuite>
